DP version: RichmondRDPPreschool: git@git.avallain.com:author-client-designpacks/richmond.git:refs/tags/richmond-rdp-preschool-5.1.2 - git@git.avallain.com:author/designpacks.git:refs/tags/richmond-rdp-preschool-5.1.2 - git@git.avallain.com:author/designpacks.git:refs/tags/richmond-rdp-5.1.2 - git@git.avallain.com:author/designpacks.git:refs/tags/core-41.2.4 - 

DEBUG:root:Reading config for DP from /usr/local/tomcat/temp/cat_temp__17068062204890/4_core-41_2_4//config.xml
DEBUG:root:Reading file: /usr/local/tomcat/temp/cat_temp__17068062204890/4_core-41_2_4/templates/layout_05A.html
DEBUG:root:Reading file: /usr/local/tomcat/temp/cat_temp__17068062204890/4_core-41_2_4/templates/layout_06A.html
DEBUG:root:Reading file: /usr/local/tomcat/temp/cat_temp__17068062204890/4_core-41_2_4/templates/layout_03A.html
DEBUG:root:Reading file: /usr/local/tomcat/temp/cat_temp__17068062204890/4_core-41_2_4/templates/layout_04B.html
DEBUG:root:Reading file: /usr/local/tomcat/temp/cat_temp__17068062204890/4_core-41_2_4/templates/layout_04A.html
DEBUG:root:Reading file: /usr/local/tomcat/temp/cat_temp__17068062204890/4_core-41_2_4/templates/layout_05B.html
DEBUG:root:Reading file: /usr/local/tomcat/temp/cat_temp__17068062204890/4_core-41_2_4/templates/layout_01A.html
DEBUG:root:Reading file: /usr/local/tomcat/temp/cat_temp__17068062204890/4_core-41_2_4/templates/layout_02B.html
DEBUG:root:Reading file: /usr/local/tomcat/temp/cat_temp__17068062204890/4_core-41_2_4/templates/layout_03C.html
DEBUG:root:Reading file: /usr/local/tomcat/temp/cat_temp__17068062204890/4_core-41_2_4/templates/layout_02A.html
DEBUG:root:Reading file: /usr/local/tomcat/temp/cat_temp__17068062204890/4_core-41_2_4/templates/layout_03B.html
DEBUG:root:Reading file: /usr/local/tomcat/temp/cat_temp__17068062204890/4_core-41_2_4/templates/default.html
DEBUG:root:Reading file: /usr/local/tomcat/temp/cat_temp__17068062204890/4_core-41_2_4/templates/layout_01M.html
DEBUG:root:Reading file: /usr/local/tomcat/temp/cat_temp__17068062204890/4_core-41_2_4/templates/layout_04B_toggleableMedia.html
DEBUG:root:Reading file: /usr/local/tomcat/temp/cat_temp__17068062204890/4_core-41_2_4/templates/layout_04B_supplementTop.html
DEBUG:root:Reading file: /usr/local/tomcat/temp/cat_temp__17068062204890/4_core-41_2_4/skinTemplates/a5.view.RadioAccordion.handlebars
DEBUG:root:Reading file: /usr/local/tomcat/temp/cat_temp__17068062204890/4_core-41_2_4/skinTemplates/a5.view.OMTextGapDragElement.handlebars
DEBUG:root:Reading file: /usr/local/tomcat/temp/cat_temp__17068062204890/4_core-41_2_4/skinTemplates/a5.view.dialog.Hint.handlebars
DEBUG:root:Reading file: /usr/local/tomcat/temp/cat_temp__17068062204890/4_core-41_2_4/skinTemplates/a5.view.OMTextGapTileElement.handlebars
DEBUG:root:Reading file: /usr/local/tomcat/temp/cat_temp__17068062204890/4_core-41_2_4/skinTemplates/a5.view.is_catch_TimeUp.handlebars
DEBUG:root:Reading file: /usr/local/tomcat/temp/cat_temp__17068062204890/4_core-41_2_4/skinTemplates/a5.view.core.progressCircular.handlebars
DEBUG:root:Reading file: /usr/local/tomcat/temp/cat_temp__17068062204890/4_core-41_2_4/skinTemplates/a5.view.PPQuizBoard.handlebars
DEBUG:root:Reading file: /usr/local/tomcat/temp/cat_temp__17068062204890/4_core-41_2_4/skinTemplates/a5.view.interaction.ISRadioButtonChoiceWrapper.handlebars
DEBUG:root:Reading file: /usr/local/tomcat/temp/cat_temp__17068062204890/4_core-41_2_4/skinTemplates/a5.view.interaction.ISRadioButtonColumnsChoice.handlebars
DEBUG:root:Reading file: /usr/local/tomcat/temp/cat_temp__17068062204890/4_core-41_2_4/skinTemplates/a5.view.InfoTextDialog.handlebars
DEBUG:root:Reading file: /usr/local/tomcat/temp/cat_temp__17068062204890/4_core-41_2_4/skinTemplates/a5.view.interaction.ISLinkingLines.handlebars
DEBUG:root:Reading file: /usr/local/tomcat/temp/cat_temp__17068062204890/4_core-41_2_4/skinTemplates/a5.view.toolbar.erase.handlebars
DEBUG:root:Reading file: /usr/local/tomcat/temp/cat_temp__17068062204890/4_core-41_2_4/skinTemplates/a5.view.Notebook.handlebars
DEBUG:root:Reading file: /usr/local/tomcat/temp/cat_temp__17068062204890/4_core-41_2_4/skinTemplates/a5.view.is_catch_ScoreBoard.handlebars
DEBUG:root:Reading file: /usr/local/tomcat/temp/cat_temp__17068062204890/4_core-41_2_4/skinTemplates/a5.view.interaction.ISCheckbox.handlebars
DEBUG:root:Reading file: /usr/local/tomcat/temp/cat_temp__17068062204890/4_core-41_2_4/skinTemplates/a5.view.interaction.ISDropdownHorizontal.handlebars
DEBUG:root:Reading file: /usr/local/tomcat/temp/cat_temp__17068062204890/4_core-41_2_4/skinTemplates/a5.view.dialog.FlashFirstAnswersOverlay.handlebars
DEBUG:root:Reading file: /usr/local/tomcat/temp/cat_temp__17068062204890/4_core-41_2_4/skinTemplates/a5.view.dialog.TableOfContents.handlebars
DEBUG:root:Reading file: /usr/local/tomcat/temp/cat_temp__17068062204890/4_core-41_2_4/skinTemplates/a5.view.interaction.ISHangmanLifeFeedback.handlebars
DEBUG:root:Reading file: /usr/local/tomcat/temp/cat_temp__17068062204890/4_core-41_2_4/skinTemplates/a5.view.OMTextGapTargetArea.handlebars
DEBUG:root:Reading file: /usr/local/tomcat/temp/cat_temp__17068062204890/4_core-41_2_4/skinTemplates/a5.view.ICTextGap.handlebars
DEBUG:root:Reading file: /usr/local/tomcat/temp/cat_temp__17068062204890/4_core-41_2_4/skinTemplates/a5.view.InlineError.handlebars
DEBUG:root:Reading file: /usr/local/tomcat/temp/cat_temp__17068062204890/4_core-41_2_4/skinTemplates/a5.view.InlineTranscript.handlebars
DEBUG:root:Reading file: /usr/local/tomcat/temp/cat_temp__17068062204890/4_core-41_2_4/skinTemplates/a5.view.OMTextGap.handlebars
DEBUG:root:Reading file: /usr/local/tomcat/temp/cat_temp__17068062204890/4_core-41_2_4/skinTemplates/a5.view.multiselectCheck.handlebars
DEBUG:root:Reading file: /usr/local/tomcat/temp/cat_temp__17068062204890/4_core-41_2_4/skinTemplates/a5.view.core.playbuttonAnimation.handlebars
DEBUG:root:Reading file: /usr/local/tomcat/temp/cat_temp__17068062204890/4_core-41_2_4/skinTemplates/a5.view.DropDownButton.handlebars
DEBUG:root:Reading file: /usr/local/tomcat/temp/cat_temp__17068062204890/4_core-41_2_4/skinTemplates/a5.view.interaction.ISCheckboxRowLabel.handlebars
DEBUG:root:Reading file: /usr/local/tomcat/temp/cat_temp__17068062204890/4_core-41_2_4/skinTemplates/a5.view.controls.EnumerationNavPart.handlebars
DEBUG:root:Reading file: /usr/local/tomcat/temp/cat_temp__17068062204890/4_core-41_2_4/skinTemplates/a5.annotations.StickyNoteType3.handlebars
DEBUG:root:Reading file: /usr/local/tomcat/temp/cat_temp__17068062204890/4_core-41_2_4/skinTemplates/a5.view.export.ExtendedWriting.handlebars
DEBUG:root:Reading file: /usr/local/tomcat/temp/cat_temp__17068062204890/4_core-41_2_4/skinTemplates/a5.view.AttachmentButton.handlebars
DEBUG:root:Reading file: /usr/local/tomcat/temp/cat_temp__17068062204890/4_core-41_2_4/skinTemplates/a5.view.PPFlashcardsCard.handlebars
DEBUG:root:Reading file: /usr/local/tomcat/temp/cat_temp__17068062204890/4_core-41_2_4/skinTemplates/a5.view.HeaderMediaZone.handlebars
DEBUG:root:Reading file: /usr/local/tomcat/temp/cat_temp__17068062204890/4_core-41_2_4/skinTemplates/a5.view.EndResultTotalQuestions.handlebars
DEBUG:root:Reading file: /usr/local/tomcat/temp/cat_temp__17068062204890/4_core-41_2_4/skinTemplates/a5.view.dialog.RecordingError.handlebars
DEBUG:root:Reading file: /usr/local/tomcat/temp/cat_temp__17068062204890/4_core-41_2_4/skinTemplates/a5.view.interaction.ISRadioButton.handlebars
DEBUG:root:Reading file: /usr/local/tomcat/temp/cat_temp__17068062204890/4_core-41_2_4/skinTemplates/a5.view.dialog.ISRadiobuttonVoiceNoMatch.handlebars
DEBUG:root:Reading file: /usr/local/tomcat/temp/cat_temp__17068062204890/4_core-41_2_4/skinTemplates/a5.view.UserSelection.handlebars
DEBUG:root:Reading file: /usr/local/tomcat/temp/cat_temp__17068062204890/4_core-41_2_4/skinTemplates/a5.view.dialog.TimeOut.handlebars
DEBUG:root:Reading file: /usr/local/tomcat/temp/cat_temp__17068062204890/4_core-41_2_4/skinTemplates/a5.view.ISRadiobuttonVoice.handlebars
DEBUG:root:Reading file: /usr/local/tomcat/temp/cat_temp__17068062204890/4_core-41_2_4/skinTemplates/a5.view.EndResultManuallyMarked.handlebars
DEBUG:root:Reading file: /usr/local/tomcat/temp/cat_temp__17068062204890/4_core-41_2_4/skinTemplates/a5.view.dialog.SpeakingRecordingTest.handlebars
DEBUG:root:Reading file: /usr/local/tomcat/temp/cat_temp__17068062204890/4_core-41_2_4/skinTemplates/a5.view.interaction.ISCheckboxChoiceWrapper.handlebars
DEBUG:root:Reading file: /usr/local/tomcat/temp/cat_temp__17068062204890/4_core-41_2_4/skinTemplates/a5.view.DragAudioPlayer.handlebars
DEBUG:root:Reading file: /usr/local/tomcat/temp/cat_temp__17068062204890/4_core-41_2_4/skinTemplates/a5.view.core.recorderAnimation.handlebars
DEBUG:root:Reading file: /usr/local/tomcat/temp/cat_temp__17068062204890/4_core-41_2_4/skinTemplates/a5.view.interaction.ISRadioButtonRowLabel.handlebars
DEBUG:root:Reading file: /usr/local/tomcat/temp/cat_temp__17068062204890/4_core-41_2_4/skinTemplates/a5.view.EndResultForEachInteractionItem.handlebars
DEBUG:root:Reading file: /usr/local/tomcat/temp/cat_temp__17068062204890/4_core-41_2_4/skinTemplates/a5.view.EndResultTimeout.handlebars
DEBUG:root:Reading file: /usr/local/tomcat/temp/cat_temp__17068062204890/4_core-41_2_4/skinTemplates/a5.view.IMProofingToolbar.handlebars
DEBUG:root:Reading file: /usr/local/tomcat/temp/cat_temp__17068062204890/4_core-41_2_4/skinTemplates/a5.view.ImageDialog.handlebars
DEBUG:root:Reading file: /usr/local/tomcat/temp/cat_temp__17068062204890/4_core-41_2_4/skinTemplates/a5.view.EndResultSolved.handlebars
DEBUG:root:Reading file: /usr/local/tomcat/temp/cat_temp__17068062204890/4_core-41_2_4/skinTemplates/a5.view.is_catch_GameOver.handlebars
DEBUG:root:Reading file: /usr/local/tomcat/temp/cat_temp__17068062204890/4_core-41_2_4/skinTemplates/a5.annotations.StickyNoteType1.handlebars
DEBUG:root:Reading file: /usr/local/tomcat/temp/cat_temp__17068062204890/4_core-41_2_4/skinTemplates/a5.view.interaction.ICTextCorrectionReplace.handlebars
DEBUG:root:Reading file: /usr/local/tomcat/temp/cat_temp__17068062204890/4_core-41_2_4/skinTemplates/a5.view.dialog.SendScoresInfo.handlebars
DEBUG:root:Reading file: /usr/local/tomcat/temp/cat_temp__17068062204890/4_core-41_2_4/skinTemplates/a5.view.Image.handlebars
DEBUG:root:Reading file: /usr/local/tomcat/temp/cat_temp__17068062204890/4_core-41_2_4/skinTemplates/a5.view.im_proofing.CorrectionPopup.handlebars
DEBUG:root:Reading file: /usr/local/tomcat/temp/cat_temp__17068062204890/4_core-41_2_4/skinTemplates/a5.view.TinyAudioPlayer.handlebars
DEBUG:root:Reading file: /usr/local/tomcat/temp/cat_temp__17068062204890/4_core-41_2_4/skinTemplates/a5.view.dialog.SubmitFinish.handlebars
DEBUG:root:Reading file: /usr/local/tomcat/temp/cat_temp__17068062204890/4_core-41_2_4/skinTemplates/a5.view.dialog.DelayedFeedback.handlebars
DEBUG:root:Reading file: /usr/local/tomcat/temp/cat_temp__17068062204890/4_core-41_2_4/skinTemplates/a5.view.ExamTimerTime.handlebars
DEBUG:root:Reading file: /usr/local/tomcat/temp/cat_temp__17068062204890/4_core-41_2_4/skinTemplates/a5.view.RadioAccordionOpenAlert.handlebars
DEBUG:root:Reading file: /usr/local/tomcat/temp/cat_temp__17068062204890/4_core-41_2_4/skinTemplates/a5.view.NativeVideoPlayer.handlebars
DEBUG:root:Reading file: /usr/local/tomcat/temp/cat_temp__17068062204890/4_core-41_2_4/skinTemplates/a5.view.IMColouringToolbar.handlebars
DEBUG:root:Reading file: /usr/local/tomcat/temp/cat_temp__17068062204890/4_core-41_2_4/skinTemplates/a5.view.interaction.ISLinkingLinesElement.handlebars
DEBUG:root:Reading file: /usr/local/tomcat/temp/cat_temp__17068062204890/4_core-41_2_4/skinTemplates/a5.view.PPFlashcards.handlebars
DEBUG:root:Reading file: /usr/local/tomcat/temp/cat_temp__17068062204890/4_core-41_2_4/skinTemplates/a5.view.HeaderAudio.handlebars
DEBUG:root:Reading file: /usr/local/tomcat/temp/cat_temp__17068062204890/4_core-41_2_4/skinTemplates/a5.view.dialog.ReallySubmit.handlebars
DEBUG:root:Reading file: /usr/local/tomcat/temp/cat_temp__17068062204890/4_core-41_2_4/skinTemplates/a5.view.IMAutocorrectErrorCounter.handlebars
DEBUG:root:Reading file: /usr/local/tomcat/temp/cat_temp__17068062204890/4_core-41_2_4/skinTemplates/a5.view.OSSortingPoolArea.handlebars
DEBUG:root:Reading file: /usr/local/tomcat/temp/cat_temp__17068062204890/4_core-41_2_4/skinTemplates/a5.view.EndResultCorrectAnswers.handlebars
DEBUG:root:Reading file: /usr/local/tomcat/temp/cat_temp__17068062204890/4_core-41_2_4/skinTemplates/a5.view.controls.EnumerationLink.handlebars
DEBUG:root:Reading file: /usr/local/tomcat/temp/cat_temp__17068062204890/4_core-41_2_4/skinTemplates/a5.view.EndResultMetadata.handlebars
DEBUG:root:Reading file: /usr/local/tomcat/temp/cat_temp__17068062204890/4_core-41_2_4/skinTemplates/a5.annotations.StickyNoteCollapsed.handlebars
DEBUG:root:Reading file: /usr/local/tomcat/temp/cat_temp__17068062204890/4_core-41_2_4/skinTemplates/a5.view.dialog.UnsupportedDevice.handlebars
DEBUG:root:Reading file: /usr/local/tomcat/temp/cat_temp__17068062204890/4_core-41_2_4/skinTemplates/a5.annotations.StickyNoteType5.handlebars
DEBUG:root:Reading file: /usr/local/tomcat/temp/cat_temp__17068062204890/4_core-41_2_4/skinTemplates/a5.view.dialog.sendScores.handlebars
DEBUG:root:Reading file: /usr/local/tomcat/temp/cat_temp__17068062204890/4_core-41_2_4/skinTemplates/a5.view.interaction.ISDropdown.handlebars
DEBUG:root:Reading file: /usr/local/tomcat/temp/cat_temp__17068062204890/4_core-41_2_4/skinTemplates/a5.view.EmbedYoutubePlayer.handlebars
DEBUG:root:Reading file: /usr/local/tomcat/temp/cat_temp__17068062204890/4_core-41_2_4/skinTemplates/a5.view.controls.Bar.handlebars
DEBUG:root:Reading file: /usr/local/tomcat/temp/cat_temp__17068062204890/4_core-41_2_4/skinTemplates/a5.view.OMTextGapLabelAnObjectDragElement.handlebars
DEBUG:root:Reading file: /usr/local/tomcat/temp/cat_temp__17068062204890/4_core-41_2_4/skinTemplates/a5.view.InfoTextDictionary.handlebars
DEBUG:root:Reading file: /usr/local/tomcat/temp/cat_temp__17068062204890/4_core-41_2_4/skinTemplates/a5.view.dialog.ReallyReloadAll.handlebars
DEBUG:root:Reading file: /usr/local/tomcat/temp/cat_temp__17068062204890/4_core-41_2_4/skinTemplates/a5.view.OMTextGapLabelAnObjectTileElement.handlebars
DEBUG:root:Reading file: /usr/local/tomcat/temp/cat_temp__17068062204890/4_core-41_2_4/skinTemplates/a5.view.interaction.ICTextCorrectionLine.handlebars
DEBUG:root:Reading file: /usr/local/tomcat/temp/cat_temp__17068062204890/4_core-41_2_4/skinTemplates/a5.view.dialog.Rights.handlebars
DEBUG:root:Reading file: /usr/local/tomcat/temp/cat_temp__17068062204890/4_core-41_2_4/skinTemplates/a5.view.OMTextGapLabelAnObject.handlebars
DEBUG:root:Reading file: /usr/local/tomcat/temp/cat_temp__17068062204890/4_core-41_2_4/skinTemplates/a5.view.dialog.SpecialCharacters.handlebars
DEBUG:root:Reading file: /usr/local/tomcat/temp/cat_temp__17068062204890/4_core-41_2_4/skinTemplates/a5.view.EndResultNotAttempted.handlebars
DEBUG:root:Reading file: /usr/local/tomcat/temp/cat_temp__17068062204890/4_core-41_2_4/skinTemplates/a5.view.dialog.SeeAnswersBeforeCheck.handlebars
DEBUG:root:Reading file: /usr/local/tomcat/temp/cat_temp__17068062204890/4_core-41_2_4/skinTemplates/a5.view.ConfidenceSelector.handlebars
DEBUG:root:Reading file: /usr/local/tomcat/temp/cat_temp__17068062204890/4_core-41_2_4/skinTemplates/a5.view.PPQuizGameOver.handlebars
DEBUG:root:Reading file: /usr/local/tomcat/temp/cat_temp__17068062204890/4_core-41_2_4/skinTemplates/a5.view.ICTextGapLabelAnObject.handlebars
DEBUG:root:Reading file: /usr/local/tomcat/temp/cat_temp__17068062204890/4_core-41_2_4/skinTemplates/a5.view.dialog.Countdown.handlebars
DEBUG:root:Reading file: /usr/local/tomcat/temp/cat_temp__17068062204890/4_core-41_2_4/skinTemplates/a5.view.dialog.Notebook.handlebars
DEBUG:root:Reading file: /usr/local/tomcat/temp/cat_temp__17068062204890/4_core-41_2_4/skinTemplates/a5.view.OMTextGapLabelAnObjectTargetArea.handlebars
DEBUG:root:Reading file: /usr/local/tomcat/temp/cat_temp__17068062204890/4_core-41_2_4/skinTemplates/a5.view.IMColouringTarget.handlebars
DEBUG:root:Reading file: /usr/local/tomcat/temp/cat_temp__17068062204890/4_core-41_2_4/skinTemplates/a5.view.OMTextGapLabelAnObjectPoolArea.handlebars
DEBUG:root:Reading file: /usr/local/tomcat/temp/cat_temp__17068062204890/4_core-41_2_4/skinTemplates/a5.speaking_recording.SpeakingRecording.handlebars
DEBUG:root:Reading file: /usr/local/tomcat/temp/cat_temp__17068062204890/4_core-41_2_4/skinTemplates/a5.view.FullAudioPlayer.handlebars
DEBUG:root:Reading file: /usr/local/tomcat/temp/cat_temp__17068062204890/4_core-41_2_4/skinTemplates/a5.view.interaction.ICMathsQuizzes.handlebars
DEBUG:root:Reading file: /usr/local/tomcat/temp/cat_temp__17068062204890/4_core-41_2_4/skinTemplates/a5.view.EndResultScore.handlebars
DEBUG:root:Reading file: /usr/local/tomcat/temp/cat_temp__17068062204890/4_core-41_2_4/skinTemplates/a5.view.Figure.handlebars
DEBUG:root:Reading file: /usr/local/tomcat/temp/cat_temp__17068062204890/4_core-41_2_4/skinTemplates/a5.speaking_recording.PlayAll.handlebars
DEBUG:root:Reading file: /usr/local/tomcat/temp/cat_temp__17068062204890/4_core-41_2_4/skinTemplates/a5.view.interaction.ISRadioButtonColumnsChoiceWrapper.handlebars
DEBUG:root:Reading file: /usr/local/tomcat/temp/cat_temp__17068062204890/4_core-41_2_4/skinTemplates/a5.view.OSSortingPool.handlebars
DEBUG:root:Reading file: /usr/local/tomcat/temp/cat_temp__17068062204890/4_core-41_2_4/skinTemplates/a5.view.EndResultForEachSectionItem.handlebars
DEBUG:root:Reading file: /usr/local/tomcat/temp/cat_temp__17068062204890/4_core-41_2_4/skinTemplates/a5.view.EndResultIncorrectAnswers.handlebars
DEBUG:root:Reading file: /usr/local/tomcat/temp/cat_temp__17068062204890/4_core-41_2_4/skinTemplates/a5.view.AutoEndResults.handlebars
DEBUG:root:Reading file: /usr/local/tomcat/temp/cat_temp__17068062204890/4_core-41_2_4/skinTemplates/a5.view.OSSortingElement.handlebars
DEBUG:root:Reading file: /usr/local/tomcat/temp/cat_temp__17068062204890/4_core-41_2_4/skinTemplates/a5.view.DialogTranscript.handlebars
DEBUG:root:Reading file: /usr/local/tomcat/temp/cat_temp__17068062204890/4_core-41_2_4/skinTemplates/a5.view.IMColouringEraser.handlebars
DEBUG:root:Reading file: /usr/local/tomcat/temp/cat_temp__17068062204890/4_core-41_2_4/skinTemplates/a5.view.DialogError.handlebars
DEBUG:root:Reading file: /usr/local/tomcat/temp/cat_temp__17068062204890/4_core-41_2_4/skinTemplates/a5.view.Transcript.handlebars
DEBUG:root:Reading file: /usr/local/tomcat/temp/cat_temp__17068062204890/4_core-41_2_4/skinTemplates/a5.view.Pool.handlebars
DEBUG:root:Reading file: /usr/local/tomcat/temp/cat_temp__17068062204890/4_core-41_2_4/skinTemplates/a5.view.ScreenError.handlebars
DEBUG:root:Reading file: /usr/local/tomcat/temp/cat_temp__17068062204890/4_core-41_2_4/skinTemplates/a5.view.TabsPanel.handlebars
DEBUG:root:Reading file: /usr/local/tomcat/temp/cat_temp__17068062204890/4_core-41_2_4/skinTemplates/a5.view.DigitalClock.handlebars
DEBUG:root:Reading file: /usr/local/tomcat/temp/cat_temp__17068062204890/4_core-41_2_4/skinTemplates/a5.view.PPQuizTimer.handlebars
DEBUG:root:Reading file: /usr/local/tomcat/temp/cat_temp__17068062204890/4_core-41_2_4/skinTemplates/a5.view.EndResultUnsolved.handlebars
DEBUG:root:Reading file: /usr/local/tomcat/temp/cat_temp__17068062204890/4_core-41_2_4/skinTemplates/a5.view.interaction.ISRadioButtonColumns.handlebars
DEBUG:root:Reading file: /usr/local/tomcat/temp/cat_temp__17068062204890/4_core-41_2_4/skinTemplates/a5.view.PoolWord.handlebars
DEBUG:root:Reading file: /usr/local/tomcat/temp/cat_temp__17068062204890/4_core-41_2_4/skinTemplates/a5.view.dialog.TeamsFinalScoreboard.handlebars
DEBUG:root:Reading file: /usr/local/tomcat/temp/cat_temp__17068062204890/4_core-41_2_4/skinTemplates/a5.view.ICTextGapLabelAnObjectTarget.handlebars
DEBUG:root:Reading file: /usr/local/tomcat/temp/cat_temp__17068062204890/4_core-41_2_4/skinTemplates/a5.annotations.Toolbar.handlebars
DEBUG:root:Reading file: /usr/local/tomcat/temp/cat_temp__17068062204890/4_core-41_2_4/skinTemplates/a5.view.dialog.TimeSpentInSections.handlebars
DEBUG:root:Reading file: /usr/local/tomcat/temp/cat_temp__17068062204890/4_core-41_2_4/skinTemplates/a5.view.OSSortingCategory.handlebars
DEBUG:root:Reading file: /usr/local/tomcat/temp/cat_temp__17068062204890/4_core-41_2_4/skinTemplates/a5.view.NativeAudioPlayer.handlebars
DEBUG:root:Reading file: /usr/local/tomcat/temp/cat_temp__17068062204890/4_core-41_2_4/skinTemplates/a5.annotations.StickyNoteType4.handlebars
DEBUG:root:Reading file: /usr/local/tomcat/temp/cat_temp__17068062204890/4_core-41_2_4/skinTemplates/a5.view.EndResultScoreVisual.handlebars
DEBUG:root:Reading file: /usr/local/tomcat/temp/cat_temp__17068062204890/4_core-41_2_4/skinTemplates/a5.annotations.RichText.handlebars
DEBUG:root:Reading file: /usr/local/tomcat/temp/cat_temp__17068062204890/4_core-41_2_4/skinTemplates/a5.view.dialog.SubmitInfo.handlebars
DEBUG:root:Reading file: /usr/local/tomcat/temp/cat_temp__17068062204890/4_core-41_2_4/skinTemplates/a5.view.dialog.RecordingSaveAs.handlebars
DEBUG:root:Reading file: /usr/local/tomcat/temp/cat_temp__17068062204890/4_core-41_2_4/skinTemplates/a5.view.Check.handlebars
DEBUG:root:Reading file: /usr/local/tomcat/temp/cat_temp__17068062204890/4_core-41_2_4/skinTemplates/a5.view.dialog.ReallyReload.handlebars
DEBUG:root:Reading file: /usr/local/tomcat/temp/cat_temp__17068062204890/4_core-41_2_4/skinTemplates/a5.view.dialog.PPQuizTeamSelect.handlebars
DEBUG:root:Reading file: /usr/local/tomcat/temp/cat_temp__17068062204890/4_core-41_2_4/skinTemplates/a5.view.EndResultIndex.handlebars
DEBUG:root:Reading file: /usr/local/tomcat/temp/cat_temp__17068062204890/4_core-41_2_4/skinTemplates/a5.view.dialog.SeeAnswersAfterCheck.handlebars
DEBUG:root:Reading file: /usr/local/tomcat/temp/cat_temp__17068062204890/4_core-41_2_4/skinTemplates/a5.view.export.General.handlebars
DEBUG:root:Reading file: /usr/local/tomcat/temp/cat_temp__17068062204890/4_core-41_2_4/skinTemplates/a5.view.IMColouringButton.handlebars
DEBUG:root:Reading file: /usr/local/tomcat/temp/cat_temp__17068062204890/4_core-41_2_4/skinTemplates/a5.view.LinkingMultipleLinesKeyTable.handlebars
DEBUG:root:Reading file: /usr/local/tomcat/temp/cat_temp__17068062204890/4_core-41_2_4/skinTemplates/a5.view.multiselectCheckChoice.handlebars
DEBUG:root:Reading file: /usr/local/tomcat/temp/cat_temp__17068062204890/4_core-41_2_4/skinTemplates/a5.view.IMProofingErrorCounter.handlebars
DEBUG:root:Reading file: /usr/local/tomcat/temp/cat_temp__17068062204890/4_core-41_2_4/skinTemplates/a5.view.EndResultDate.handlebars
DEBUG:root:Reading file: /usr/local/tomcat/temp/cat_temp__17068062204890/4_core-41_2_4/skinTemplates/a5.view.VideoPlayer.handlebars
DEBUG:root:Reading file: /usr/local/tomcat/temp/cat_temp__17068062204890/4_core-41_2_4/skinTemplates/a5.view.ConfidenceDisplay.handlebars
DEBUG:root:Reading file: /usr/local/tomcat/temp/cat_temp__17068062204890/4_core-41_2_4/skinTemplates/a5.view.interaction.ISHangmanLifeCounter.handlebars
DEBUG:root:Reading file: /usr/local/tomcat/temp/cat_temp__17068062204890/4_core-41_2_4/skinTemplates/a5.view.interaction.ISHangman.handlebars
DEBUG:root:Reading file: /usr/local/tomcat/temp/cat_temp__17068062204890/4_core-41_2_4/skinTemplates/a5.view.dialog.ExportAs.handlebars
DEBUG:root:Reading file: /usr/local/tomcat/temp/cat_temp__17068062204890/4_core-41_2_4/skinTemplates/a5.view.dialog.MicNotFound.handlebars
DEBUG:root:Reading file: /usr/local/tomcat/temp/cat_temp__17068062204890/4_core-41_2_4/skinTemplates/a5.annotations.StickyNoteType2.handlebars
DEBUG:root:Reading file: /usr/local/tomcat/temp/cat_temp__17068062204890/4_core-41_2_4/skinTemplates/a5.annotations.Timer.handlebars
DEBUG:root:Reading file: /usr/local/tomcat/temp/cat_temp__17068062204890/4_core-41_2_4/skinTemplates/a5.view.PPQuizActivityCategory.handlebars
DEBUG:root:Reading file: /usr/local/tomcat/temp/cat_temp__17068062204890/4_core-41_2_4/skinTemplates/a5.view.ic_crosswords.handlebars
DEBUG:root:Reading file: /usr/local/tomcat/temp/cat_temp__17068062204890/4_core-41_2_4/skinTemplates/a5.view.StaticWord.handlebars
DEBUG:root:Reading file: /usr/local/tomcat/temp/cat_temp__17068062204890/4_core-41_2_4/skinTemplates/a5.view.dialog.IMVoiceNoMatch.handlebars
DEBUG:root:Reading file: /usr/local/tomcat/temp/cat_temp__17068062204890/4_core-41_2_4/skinTemplates/a5.view.TabsPanelOpenAlert.handlebars
DEBUG:root:Reading file: /usr/local/tomcat/temp/cat_temp__17068062204890/4_core-41_2_4/skinTemplates/a5.view.dialog.Close.handlebars
DEBUG:root:Reading file: /usr/local/tomcat/temp/cat_temp__17068062204890/4_core-41_2_4/skinTemplates/a5.view.IMAutocorrectBlock.handlebars
DEBUG:root:Reading file: /usr/local/tomcat/temp/cat_temp__17068062204890/4_core-41_2_4/skinTemplates/a5.view.DropDownItem.handlebars
DEBUG:root:Reading file: /usr/local/tomcat/temp/cat_temp__17068062204890/4_core-41_2_4/skinTemplates/a5.view.dialog.TeamsScoreboard.handlebars
DEBUG:root:Reading file: /usr/local/tomcat/temp/cat_temp__17068062204890/4_core-41_2_4/skinTemplates/a5.view.OMTextGapPoolArea.handlebars
DEBUG:root:Reading file: /usr/local/tomcat/temp/cat_temp__17068062204890/4_core-41_2_4/skinTemplates/a5.view.dialog.HelpText.handlebars
DEBUG:root:Reading file: /usr/local/tomcat/temp/cat_temp__17068062204890/4_core-41_2_4/skinTemplates/a5.view.interaction.ISDropdownHorizontalChoice.handlebars
DEBUG:root:Reading file: /usr/local/tomcat/temp/cat_temp__17068062204890/4_core-41_2_4/skinTemplates/a5.view.interaction.ISCheckboxChoice.handlebars
DEBUG:root:Reading file: /usr/local/tomcat/temp/cat_temp__17068062204890/4_core-41_2_4/skinTemplates/a5.view.IMVoice.handlebars
DEBUG:root:Reading file: /usr/local/tomcat/temp/cat_temp__17068062204890/4_core-41_2_4/skinTemplates/a5.view.interaction.ICTextCorrectionSentence.handlebars
DEBUG:root:Reading file: /usr/local/tomcat/temp/cat_temp__17068062204890/4_core-41_2_4/skinTemplates/a5.view.TextInput.count.handlebars
DEBUG:root:Reading file: /usr/local/tomcat/temp/cat_temp__17068062204890/4_core-41_2_4/skinTemplates/a5.view.InfoTextTooltip.handlebars
DEBUG:root:Reading file: /usr/local/tomcat/temp/cat_temp__17068062204890/4_core-41_2_4/skinTemplates/a5.view.ExamTimer.handlebars
DEBUG:root:Reading file: /usr/local/tomcat/temp/cat_temp__17068062204890/4_core-41_2_4/skinTemplates/a5.view.OSSorting.handlebars
DEBUG:root:Reading file: /usr/local/tomcat/temp/cat_temp__17068062204890/4_core-41_2_4/skinTemplates/a5.view.dialog.FeedbackText.handlebars
DEBUG:root:Reading file: /usr/local/tomcat/temp/cat_temp__17068062204890/4_core-41_2_4/skinTemplates/a5.view.dialog.CheckedAnswers.handlebars
DEBUG:root:Reading file: /usr/local/tomcat/temp/cat_temp__17068062204890/4_core-41_2_4/skinTemplates/a5.view.core.loToolbarBadge.handlebars
DEBUG:root:Reading file: /usr/local/tomcat/temp/cat_temp__17068062204890/4_core-41_2_4/skinTemplates/a5.view.ISClock.handlebars
DEBUG:root:Reading file: /usr/local/tomcat/temp/cat_temp__17068062204890/4_core-41_2_4/skinTemplates/a5.view.EndResultAttempts.handlebars
DEBUG:root:Reading file: /usr/local/tomcat/temp/cat_temp__17068062204890/4_core-41_2_4/skinTemplates/a5.view.OSSortingTargetArea.handlebars
DEBUG:root:Reading file: /usr/local/tomcat/temp/cat_temp__17068062204890/4_core-41_2_4/skinTemplates/a5.view.EndResultTimeTaken.handlebars
DEBUG:root:Reading file: /usr/local/tomcat/temp/cat_temp__17068062204890/4_core-41_2_4/skinTemplates/a5.view.IMWordsearchCell.handlebars
DEBUG:root:Reading file: /usr/local/tomcat/temp/cat_temp__17068062204890/4_core-41_2_4/skinTemplates/a5.view.IMColouring.handlebars
DEBUG:root:Reading file: /usr/local/tomcat/temp/cat_temp__17068062204890/4_core-41_2_4/skinTemplates/a5.view.interaction.ISRichDropdownChoice.handlebars
DEBUG:root:Reading file: /usr/local/tomcat/temp/cat_temp__17068062204890/4_core-41_2_4/skinTemplates/a5.view.dialog.CheckInfo.handlebars
DEBUG:root:Reading file: /usr/local/tomcat/temp/cat_temp__17068062204890/4_core-41_2_4/skinTemplates/a5.views.interaction.DialogueRecording.handlebars
DEBUG:root:Reading file: /usr/local/tomcat/temp/cat_temp__17068062204890/4_core-41_2_4/skinTemplates/a5.view.dialog.IMMarkingLettersSelect.handlebars
DEBUG:root:Reading file: /usr/local/tomcat/temp/cat_temp__17068062204890/4_core-41_2_4/skinTemplates/a5.view.HeaderVideo.handlebars
DEBUG:root:Reading file: /usr/local/tomcat/temp/cat_temp__17068062204890/4_core-41_2_4/skinTemplates/a5.view.interaction.ICCrosswordCell.handlebars
DEBUG:root:Reading file: /usr/local/tomcat/temp/cat_temp__17068062204890/4_core-41_2_4/skinTemplates/a5.view.PPQuizActivityMaximumScore.handlebars
DEBUG:root:Reading file: /usr/local/tomcat/temp/cat_temp__17068062204890/4_core-41_2_4/skinTemplates/a5.view.PPQuizTeam.handlebars
DEBUG:root:Reading file: /usr/local/tomcat/temp/cat_temp__17068062204890/4_core-41_2_4/skinTemplates/a5.view.ICTextGapTarget.handlebars
DEBUG:root:Reading file: /usr/local/tomcat/temp/cat_temp__17068062204890/4_core-41_2_4/skinTemplates/a5.view.interaction.PPSlideshow.handlebars
DEBUG:root:Reading file: /usr/local/tomcat/temp/cat_temp__17068062204890/4_core-41_2_4/skinTemplates/a5.view.EndResultAllCorrectAttempt.handlebars
DEBUG:root:Reading file: /usr/local/tomcat/temp/cat_temp__17068062204890/4_core-41_2_4/skinTemplates/a5.view.WordpoolDragHandle.handlebars
DEBUG:root:Reading file: /usr/local/tomcat/temp/cat_temp__17068062204890/4_core-41_2_4/skinTemplates/a5.view.TriggerWord.handlebars
DEBUG:root:Reading file: /usr/local/tomcat/temp/cat_temp__17068062204890/4_core-41_2_4/skinTemplates/a5.view.dialog.CountdownSetup.handlebars
DEBUG:root:Reading file: /usr/local/tomcat/temp/cat_temp__17068062204890/4_core-41_2_4/skinTemplates/a5.view.IMAutocorrectItem.handlebars
DEBUG:root:Reading file: /usr/local/tomcat/temp/cat_temp__17068062204890/4_core-41_2_4/skinTemplates/a5.view.core.poolCarouselWrapper.handlebars
DEBUG:root:Reading file: /usr/local/tomcat/temp/cat_temp__17068062204890/4_core-41_2_4/skinTemplates/a5.view.EndResultBandFeedback.handlebars
DEBUG:root:Reading file: /usr/local/tomcat/temp/cat_temp__17068062204890/4_core-41_2_4/skinTemplates/a5.view.InfoTextReference.handlebars
DEBUG:root:Reading file: /usr/local/tomcat/temp/cat_temp__17068062204890/4_core-41_2_4/skinTemplates/a5.view.interaction.ISHangmanWord.handlebars
DEBUG:root:Reading file: /usr/local/tomcat/temp/cat_temp__17068062204890/4_core-41_2_4/skinTemplates/a5.view.interaction.ISRadioButtonChoice.handlebars
DEBUG:root:Reading templates for DP at: /usr/local/tomcat/temp/cat_temp__17068062204890/4_core-41_2_4/
DEBUG:root:Reading file: /usr/local/tomcat/temp/cat_temp__17068062204890/4_core-41_2_4/head.html
DEBUG:root:Reading file: /usr/local/tomcat/temp/cat_temp__17068062204890/4_core-41_2_4/head.html
DEBUG:root:Reading file: /usr/local/tomcat/temp/cat_temp__17068062204890/4_core-41_2_4/body.html
DEBUG:root:Reading file: /usr/local/tomcat/temp/cat_temp__17068062204890/4_core-41_2_4/contentElements.html
DEBUG:root:Reading stylesheets for DP at: /usr/local/tomcat/temp/cat_temp__17068062204890/4_core-41_2_4/
DEBUG:root:Reading file: /usr/local/tomcat/temp/cat_temp__17068062204890/4_core-41_2_4/less/core.less
DEBUG:root:Reading scripts for DP at: /usr/local/tomcat/temp/cat_temp__17068062204890/4_core-41_2_4/
DEBUG:root:Reading file: /usr/local/tomcat/temp/cat_temp__17068062204890/4_core-41_2_4/js/thirdparty/webfont/webfontloader.js
DEBUG:root:Reading file: /usr/local/tomcat/temp/cat_temp__17068062204890/4_core-41_2_4/js/config.js
DEBUG:root:Reading file: /usr/local/tomcat/temp/cat_temp__17068062204890/4_core-41_2_4/js/fonts.js
DEBUG:root:Reading file: /usr/local/tomcat/temp/cat_temp__17068062204890/4_core-41_2_4/js/legacy/events.js
DEBUG:root:Reading file: /usr/local/tomcat/temp/cat_temp__17068062204890/4_core-41_2_4/js/legacy/pools.js
DEBUG:root:Reading file: /usr/local/tomcat/temp/cat_temp__17068062204890/4_core-41_2_4/js/legacy/headeraudio.js
DEBUG:root:Reading file: /usr/local/tomcat/temp/cat_temp__17068062204890/4_core-41_2_4/js/legacy/ic-dialogue-recording.js
DEBUG:root:Reading file: /usr/local/tomcat/temp/cat_temp__17068062204890/4_core-41_2_4/js/legacy/ic-text-correction.js
DEBUG:root:Reading file: /usr/local/tomcat/temp/cat_temp__17068062204890/4_core-41_2_4/js/legacy/ic-text-gap.js
DEBUG:root:Reading file: /usr/local/tomcat/temp/cat_temp__17068062204890/4_core-41_2_4/js/legacy/keyboard.js
DEBUG:root:Reading file: /usr/local/tomcat/temp/cat_temp__17068062204890/4_core-41_2_4/js/legacy/im-marking.js
DEBUG:root:Reading file: /usr/local/tomcat/temp/cat_temp__17068062204890/4_core-41_2_4/js/legacy/im-proofing.js
DEBUG:root:Reading file: /usr/local/tomcat/temp/cat_temp__17068062204890/4_core-41_2_4/js/legacy/recording-download.js
DEBUG:root:Reading file: /usr/local/tomcat/temp/cat_temp__17068062204890/4_core-41_2_4/js/legacy/translation.js
DEBUG:root:Reading file: /usr/local/tomcat/temp/cat_temp__17068062204890/4_core-41_2_4/js/legacy/notes.js
DEBUG:root:Reading file: /usr/local/tomcat/temp/cat_temp__17068062204890/4_core-41_2_4/js/legacy/choice-interaction.js
DEBUG:root:Reading file: /usr/local/tomcat/temp/cat_temp__17068062204890/4_core-41_2_4/js/legacy/viewtext.js
DEBUG:root:Reading file: /usr/local/tomcat/temp/cat_temp__17068062204890/4_core-41_2_4/js/legacy/radiobutton-columns.js
DEBUG:root:Reading file: /usr/local/tomcat/temp/cat_temp__17068062204890/4_core-41_2_4/js/legacy/is-mobile.js
DEBUG:root:Reading file: /usr/local/tomcat/temp/cat_temp__17068062204890/4_core-41_2_4/js/device.js
DEBUG:root:Reading file: /usr/local/tomcat/temp/cat_temp__17068062204890/4_core-41_2_4/js/client.js
DEBUG:root:Reading file: /usr/local/tomcat/temp/cat_temp__17068062204890/4_core-41_2_4/js/html-document.js
DEBUG:root:Reading file: /usr/local/tomcat/temp/cat_temp__17068062204890/4_core-41_2_4/js/learning-object.js
DEBUG:root:Reading file: /usr/local/tomcat/temp/cat_temp__17068062204890/4_core-41_2_4/js/builderOptions.js
DEBUG:root:Reading file: /usr/local/tomcat/temp/cat_temp__17068062204890/4_core-41_2_4/js/components/annotations.js
DEBUG:root:Reading file: /usr/local/tomcat/temp/cat_temp__17068062204890/4_core-41_2_4/js/components/countdown.js
DEBUG:root:Reading file: /usr/local/tomcat/temp/cat_temp__17068062204890/4_core-41_2_4/js/components/pagination.js
DEBUG:root:Reading file: /usr/local/tomcat/temp/cat_temp__17068062204890/4_core-41_2_4/js/components/toggleable.js
DEBUG:root:Reading file: /usr/local/tomcat/temp/cat_temp__17068062204890/4_core-41_2_4/js/components/media.js
DEBUG:root:Reading file: /usr/local/tomcat/temp/cat_temp__17068062204890/4_core-41_2_4/js/components/progress.js
DEBUG:root:Reading file: /usr/local/tomcat/temp/cat_temp__17068062204890/4_core-41_2_4/js/components/lo-timer.js
DEBUG:root:Reading file: /usr/local/tomcat/temp/cat_temp__17068062204890/4_core-41_2_4/js/components/pagination-progress.js
DEBUG:root:Reading file: /usr/local/tomcat/temp/cat_temp__17068062204890/4_core-41_2_4/js/components/lo-toolbar.js
DEBUG:root:Reading file: /usr/local/tomcat/temp/cat_temp__17068062204890/4_core-41_2_4/js/components/enumeration.js
DEBUG:root:Reading file: /usr/local/tomcat/temp/cat_temp__17068062204890/4_core-41_2_4/js/components/scroll.js
DEBUG:root:Reading file: /usr/local/tomcat/temp/cat_temp__17068062204890/4_core-41_2_4/js/components/parallax-images.js
DEBUG:root:Reading file: /usr/local/tomcat/temp/cat_temp__17068062204890/4_core-41_2_4/js/components/pools.js
DEBUG:root:Reading file: /usr/local/tomcat/temp/cat_temp__17068062204890/4_core-41_2_4/js/components/draggables.js
DEBUG:root:Reading file: /usr/local/tomcat/temp/cat_temp__17068062204890/4_core-41_2_4/js/components/media-expand.js
DEBUG:root:Reading file: /usr/local/tomcat/temp/cat_temp__17068062204890/4_core-41_2_4/js/interactions/ic-text-correction.js
DEBUG:root:Reading file: /usr/local/tomcat/temp/cat_temp__17068062204890/4_core-41_2_4/js/interactions/is-linking-lines.js
DEBUG:root:Reading file: /usr/local/tomcat/temp/cat_temp__17068062204890/4_core-41_2_4/js/interactions/is-linking-lines-multiple.js
DEBUG:root:Reading file: /usr/local/tomcat/temp/cat_temp__17068062204890/4_core-41_2_4/js/interactions/os-sequence.js
DEBUG:root:Reading static files from: /usr/local/tomcat/temp/cat_temp__17068062204890/4_core-41_2_4/static-files.txt
DEBUG:root:Reading file: /usr/local/tomcat/temp/cat_temp__17068062204890/4_core-41_2_4/static-files.txt
DEBUG:root:Reading config for DP from /usr/local/tomcat/temp/cat_temp__17068062204890/3_richmond-rdp-5_1_2//config.xml
DEBUG:root:Skipping layout default from DP /usr/local/tomcat/temp/cat_temp__17068062204890/3_richmond-rdp-5_1_2/
DEBUG:root:Reading file: /usr/local/tomcat/temp/cat_temp__17068062204890/3_richmond-rdp-5_1_2/templates/layout_03C.html
DEBUG:root:Reading file: /usr/local/tomcat/temp/cat_temp__17068062204890/3_richmond-rdp-5_1_2/skinTemplates/a5.view.Image.handlebars
DEBUG:root:Reading file: /usr/local/tomcat/temp/cat_temp__17068062204890/3_richmond-rdp-5_1_2/skinTemplates/a5.view.controls.Bar.handlebars
DEBUG:root:Reading file: /usr/local/tomcat/temp/cat_temp__17068062204890/3_richmond-rdp-5_1_2/skinTemplates/a5.speaking_recording.SpeakingRecording.handlebars
DEBUG:root:Reading file: /usr/local/tomcat/temp/cat_temp__17068062204890/3_richmond-rdp-5_1_2/skinTemplates/a5.view.FullAudioPlayer.handlebars
DEBUG:root:Reading file: /usr/local/tomcat/temp/cat_temp__17068062204890/3_richmond-rdp-5_1_2/skinTemplates/a5.annotations.Toolbar.handlebars
DEBUG:root:Reading file: /usr/local/tomcat/temp/cat_temp__17068062204890/3_richmond-rdp-5_1_2/skinTemplates/a5.view.dialog.SubmitInfo.handlebars
DEBUG:root:Reading file: /usr/local/tomcat/temp/cat_temp__17068062204890/3_richmond-rdp-5_1_2/skinTemplates/a5.view.VideoPlayer.handlebars
DEBUG:root:Reading file: /usr/local/tomcat/temp/cat_temp__17068062204890/3_richmond-rdp-5_1_2/skinTemplates/a5.view.interaction.ISHangman.handlebars
DEBUG:root:Reading file: /usr/local/tomcat/temp/cat_temp__17068062204890/3_richmond-rdp-5_1_2/skinTemplates/a5.view.ic_crosswords.handlebars
DEBUG:root:Reading file: /usr/local/tomcat/temp/cat_temp__17068062204890/3_richmond-rdp-5_1_2/skinTemplates/a5.annotations.StickyNoteType6.handlebars
DEBUG:root:Reading file: /usr/local/tomcat/temp/cat_temp__17068062204890/3_richmond-rdp-5_1_2/skinTemplates/a5.view.dialog.CheckInfo.handlebars
DEBUG:root:Reading file: /usr/local/tomcat/temp/cat_temp__17068062204890/3_richmond-rdp-5_1_2/skinTemplates/a5.views.interaction.DialogueRecording.handlebars
DEBUG:root:Reading templates for DP at: /usr/local/tomcat/temp/cat_temp__17068062204890/3_richmond-rdp-5_1_2/
DEBUG:root:Reading file: /usr/local/tomcat/temp/cat_temp__17068062204890/3_richmond-rdp-5_1_2/head.html
DEBUG:root:Reading file: /usr/local/tomcat/temp/cat_temp__17068062204890/3_richmond-rdp-5_1_2/head.html
DEBUG:root:Reading file: /usr/local/tomcat/temp/cat_temp__17068062204890/3_richmond-rdp-5_1_2/body.html
DEBUG:root:Reading stylesheets for DP at: /usr/local/tomcat/temp/cat_temp__17068062204890/3_richmond-rdp-5_1_2/
DEBUG:root:Reading file: /usr/local/tomcat/temp/cat_temp__17068062204890/3_richmond-rdp-5_1_2/less/theme.less
DEBUG:root:Reading scripts for DP at: /usr/local/tomcat/temp/cat_temp__17068062204890/3_richmond-rdp-5_1_2/
DEBUG:root:Reading file: /usr/local/tomcat/temp/cat_temp__17068062204890/3_richmond-rdp-5_1_2/js/config.js
DEBUG:root:Reading file: /usr/local/tomcat/temp/cat_temp__17068062204890/3_richmond-rdp-5_1_2/js/fonts.js
DEBUG:root:Reading file: /usr/local/tomcat/temp/cat_temp__17068062204890/3_richmond-rdp-5_1_2/js/lo-options-from-dp.js
DEBUG:root:Reading file: /usr/local/tomcat/temp/cat_temp__17068062204890/3_richmond-rdp-5_1_2/js/title.js
DEBUG:root:Reading file: /usr/local/tomcat/temp/cat_temp__17068062204890/3_richmond-rdp-5_1_2/js/dialogs.js
DEBUG:root:Reading file: /usr/local/tomcat/temp/cat_temp__17068062204890/3_richmond-rdp-5_1_2/js/scroll.js
DEBUG:root:Reading file: /usr/local/tomcat/temp/cat_temp__17068062204890/3_richmond-rdp-5_1_2/js/speech-bubbles-legacy.js
DEBUG:root:Reading file: /usr/local/tomcat/temp/cat_temp__17068062204890/3_richmond-rdp-5_1_2/js/carousel.js
DEBUG:root:Reading file: /usr/local/tomcat/temp/cat_temp__17068062204890/3_richmond-rdp-5_1_2/js/adaptive-learning.js
DEBUG:root:Reading static files from: /usr/local/tomcat/temp/cat_temp__17068062204890/3_richmond-rdp-5_1_2/static-files.txt
DEBUG:root:Reading file: /usr/local/tomcat/temp/cat_temp__17068062204890/3_richmond-rdp-5_1_2/static-files.txt
DEBUG:root:Reading config for DP from /usr/local/tomcat/temp/cat_temp__17068062204890/2_richmond-rdp-preschool-5_1_2//config.xml
DEBUG:root:Reading file: /usr/local/tomcat/temp/cat_temp__17068062204890/2_richmond-rdp-preschool-5_1_2/skinTemplates/a5.view.dialog.ISRadiobuttonVoiceNoMatch.handlebars
DEBUG:root:Reading file: /usr/local/tomcat/temp/cat_temp__17068062204890/2_richmond-rdp-preschool-5_1_2/skinTemplates/a5.view.TinyAudioPlayer.handlebars
DEBUG:root:Reading file: /usr/local/tomcat/temp/cat_temp__17068062204890/2_richmond-rdp-preschool-5_1_2/skinTemplates/a5.view.dialog.SubmitFinish.handlebars
DEBUG:root:Reading file: /usr/local/tomcat/temp/cat_temp__17068062204890/2_richmond-rdp-preschool-5_1_2/skinTemplates/a5.view.dialog.ReallySubmit.handlebars
DEBUG:root:Reading file: /usr/local/tomcat/temp/cat_temp__17068062204890/2_richmond-rdp-preschool-5_1_2/skinTemplates/a5.view.controls.Bar.handlebars
DEBUG:root:Reading file: /usr/local/tomcat/temp/cat_temp__17068062204890/2_richmond-rdp-preschool-5_1_2/skinTemplates/a5.view.dialog.ReallyReloadAll.handlebars
DEBUG:root:Reading file: /usr/local/tomcat/temp/cat_temp__17068062204890/2_richmond-rdp-preschool-5_1_2/skinTemplates/a5.view.dialog.SubmitInfo.handlebars
DEBUG:root:Reading file: /usr/local/tomcat/temp/cat_temp__17068062204890/2_richmond-rdp-preschool-5_1_2/skinTemplates/a5.view.dialog.ReallyReload.handlebars
DEBUG:root:Reading file: /usr/local/tomcat/temp/cat_temp__17068062204890/2_richmond-rdp-preschool-5_1_2/skinTemplates/a5.view.dialog.ExportAs.handlebars
DEBUG:root:Reading file: /usr/local/tomcat/temp/cat_temp__17068062204890/2_richmond-rdp-preschool-5_1_2/skinTemplates/a5.view.dialog.IMVoiceNoMatch.handlebars
DEBUG:root:Reading templates for DP at: /usr/local/tomcat/temp/cat_temp__17068062204890/2_richmond-rdp-preschool-5_1_2/
DEBUG:root:Reading file: /usr/local/tomcat/temp/cat_temp__17068062204890/2_richmond-rdp-preschool-5_1_2/head.html
DEBUG:root:Reading file: /usr/local/tomcat/temp/cat_temp__17068062204890/2_richmond-rdp-preschool-5_1_2/head.html
DEBUG:root:Reading file: /usr/local/tomcat/temp/cat_temp__17068062204890/2_richmond-rdp-preschool-5_1_2/body.html
DEBUG:root:Reading stylesheets for DP at: /usr/local/tomcat/temp/cat_temp__17068062204890/2_richmond-rdp-preschool-5_1_2/
DEBUG:root:Reading file: /usr/local/tomcat/temp/cat_temp__17068062204890/2_richmond-rdp-preschool-5_1_2/less/theme.less
DEBUG:root:Reading scripts for DP at: /usr/local/tomcat/temp/cat_temp__17068062204890/2_richmond-rdp-preschool-5_1_2/
DEBUG:root:Reading file: /usr/local/tomcat/temp/cat_temp__17068062204890/2_richmond-rdp-preschool-5_1_2/js/config.js
DEBUG:root:Reading file: /usr/local/tomcat/temp/cat_temp__17068062204890/2_richmond-rdp-preschool-5_1_2/js/fonts.js
DEBUG:root:Reading file: /usr/local/tomcat/temp/cat_temp__17068062204890/2_richmond-rdp-preschool-5_1_2/js/dialogs.js
DEBUG:root:Reading static files from: /usr/local/tomcat/temp/cat_temp__17068062204890/2_richmond-rdp-preschool-5_1_2/static-files.txt
DEBUG:root:Reading file: /usr/local/tomcat/temp/cat_temp__17068062204890/2_richmond-rdp-preschool-5_1_2/static-files.txt
DEBUG:root:Reading config for DP from /usr/local/tomcat/temp/cat_temp__17068062204890/1_RichmondRDPPreschool//config.xml
ERROR:root:Handlebars directory not found
DEBUG:root:Reading templates for DP at: /usr/local/tomcat/temp/cat_temp__17068062204890/1_RichmondRDPPreschool/
DEBUG:root:Reading file: /usr/local/tomcat/temp/cat_temp__17068062204890/1_RichmondRDPPreschool/head.html
DEBUG:root:Reading file: /usr/local/tomcat/temp/cat_temp__17068062204890/1_RichmondRDPPreschool/head.html
DEBUG:root:Reading stylesheets for DP at: /usr/local/tomcat/temp/cat_temp__17068062204890/1_RichmondRDPPreschool/
DEBUG:root:Reading scripts for DP at: /usr/local/tomcat/temp/cat_temp__17068062204890/1_RichmondRDPPreschool/
DEBUG:root:Reading static files from: /usr/local/tomcat/temp/cat_temp__17068062204890/1_RichmondRDPPreschool/static-files.txt
DEBUG:root:Reading file: /usr/local/tomcat/temp/cat_temp__17068062204890/1_RichmondRDPPreschool/static-files.txt
DEBUG:root:Reading config for DP from /usr/local/tomcat/temp/cat_temp__17068062204890/RichmondRDPPreschool_4a34464f7315a19a86252631a8174fa6_Custom//config.xml
ERROR:root:Handlebars directory not found
DEBUG:root:Reading templates for DP at: /usr/local/tomcat/temp/cat_temp__17068062204890/RichmondRDPPreschool_4a34464f7315a19a86252631a8174fa6_Custom/
DEBUG:root:Reading file: /usr/local/tomcat/temp/cat_temp__17068062204890/RichmondRDPPreschool_4a34464f7315a19a86252631a8174fa6_Custom/head.html
DEBUG:root:Reading file: /usr/local/tomcat/temp/cat_temp__17068062204890/RichmondRDPPreschool_4a34464f7315a19a86252631a8174fa6_Custom/head.html
DEBUG:root:Reading stylesheets for DP at: /usr/local/tomcat/temp/cat_temp__17068062204890/RichmondRDPPreschool_4a34464f7315a19a86252631a8174fa6_Custom/
DEBUG:root:Reading file: /usr/local/tomcat/temp/cat_temp__17068062204890/RichmondRDPPreschool_4a34464f7315a19a86252631a8174fa6_Custom/css/styles.less
DEBUG:root:Reading scripts for DP at: /usr/local/tomcat/temp/cat_temp__17068062204890/RichmondRDPPreschool_4a34464f7315a19a86252631a8174fa6_Custom/
DEBUG:root:Reading static files from: /usr/local/tomcat/temp/cat_temp__17068062204890/RichmondRDPPreschool_4a34464f7315a19a86252631a8174fa6_Custom/static-files.txt
DEBUG:root:Reading file: /usr/local/tomcat/temp/cat_temp__17068062204890/RichmondRDPPreschool_4a34464f7315a19a86252631a8174fa6_Custom/static-files.txt
DEBUG:root:WARNING: Default layout not found. This might break activities from loading
INFO:root:Writing templates.js to /usr/local/tomcat/webapps/ROOT/cat/authorEngine/skin/RichmondRDPPreschool_4a34464f7315a19a86252631a8174fa6_temp
INFO:root:Writing templates.json to /usr/local/tomcat/webapps/ROOT/cat/authorEngine/skin/RichmondRDPPreschool_4a34464f7315a19a86252631a8174fa6_temp
INFO:root:Writing CKEditor CSS to /usr/local/tomcat/webapps/ROOT/cat/authorEngine/skin/RichmondRDPPreschool_4a34464f7315a19a86252631a8174fa6_temp/css/ckeditor.css
INFO:root:Writing CSS to /usr/local/tomcat/webapps/ROOT/cat/authorEngine/skin/RichmondRDPPreschool_4a34464f7315a19a86252631a8174fa6_temp/css/style.css
INFO:root:Writing js.js to /usr/local/tomcat/webapps/ROOT/cat/authorEngine/skin/RichmondRDPPreschool_4a34464f7315a19a86252631a8174fa6_temp
INFO:root:Copy static file /usr/local/tomcat/temp/cat_temp__17068062204890/4_core-41_2_4/resources/clock.ai to /usr/local/tomcat/webapps/ROOT/cat/authorEngine/skin/RichmondRDPPreschool_4a34464f7315a19a86252631a8174fa6_temp/resources/clock.ai
INFO:root:Copy static file /usr/local/tomcat/temp/cat_temp__17068062204890/4_core-41_2_4/resources/icons to /usr/local/tomcat/webapps/ROOT/cat/authorEngine/skin/RichmondRDPPreschool_4a34464f7315a19a86252631a8174fa6_temp/resources/icons
INFO:root:Copy static file /usr/local/tomcat/temp/cat_temp__17068062204890/4_core-41_2_4/resources/layouts.psd to /usr/local/tomcat/webapps/ROOT/cat/authorEngine/skin/RichmondRDPPreschool_4a34464f7315a19a86252631a8174fa6_temp/resources/layouts.psd
INFO:root:Copy static file /usr/local/tomcat/temp/cat_temp__17068062204890/4_core-41_2_4/resources/CORE.json to /usr/local/tomcat/webapps/ROOT/cat/authorEngine/skin/RichmondRDPPreschool_4a34464f7315a19a86252631a8174fa6_temp/resources/CORE.json
INFO:root:Copy static file /usr/local/tomcat/temp/cat_temp__17068062204890/4_core-41_2_4/locales/uk to /usr/local/tomcat/webapps/ROOT/cat/authorEngine/skin/RichmondRDPPreschool_4a34464f7315a19a86252631a8174fa6_temp/locales/uk
INFO:root:Copy static file /usr/local/tomcat/temp/cat_temp__17068062204890/4_core-41_2_4/locales/es to /usr/local/tomcat/webapps/ROOT/cat/authorEngine/skin/RichmondRDPPreschool_4a34464f7315a19a86252631a8174fa6_temp/locales/es
INFO:root:Copy static file /usr/local/tomcat/temp/cat_temp__17068062204890/4_core-41_2_4/locales/fr to /usr/local/tomcat/webapps/ROOT/cat/authorEngine/skin/RichmondRDPPreschool_4a34464f7315a19a86252631a8174fa6_temp/locales/fr
INFO:root:Copy static file /usr/local/tomcat/temp/cat_temp__17068062204890/4_core-41_2_4/locales/pt to /usr/local/tomcat/webapps/ROOT/cat/authorEngine/skin/RichmondRDPPreschool_4a34464f7315a19a86252631a8174fa6_temp/locales/pt
INFO:root:Copy static file /usr/local/tomcat/temp/cat_temp__17068062204890/4_core-41_2_4/locales/zh to /usr/local/tomcat/webapps/ROOT/cat/authorEngine/skin/RichmondRDPPreschool_4a34464f7315a19a86252631a8174fa6_temp/locales/zh
INFO:root:Copy static file /usr/local/tomcat/temp/cat_temp__17068062204890/4_core-41_2_4/locales/nl to /usr/local/tomcat/webapps/ROOT/cat/authorEngine/skin/RichmondRDPPreschool_4a34464f7315a19a86252631a8174fa6_temp/locales/nl
INFO:root:Copy static file /usr/local/tomcat/temp/cat_temp__17068062204890/4_core-41_2_4/locales/de-INFORMAL to /usr/local/tomcat/webapps/ROOT/cat/authorEngine/skin/RichmondRDPPreschool_4a34464f7315a19a86252631a8174fa6_temp/locales/de-INFORMAL
INFO:root:Copy static file /usr/local/tomcat/temp/cat_temp__17068062204890/4_core-41_2_4/locales/de to /usr/local/tomcat/webapps/ROOT/cat/authorEngine/skin/RichmondRDPPreschool_4a34464f7315a19a86252631a8174fa6_temp/locales/de
INFO:root:Copy static file /usr/local/tomcat/temp/cat_temp__17068062204890/4_core-41_2_4/locales/it to /usr/local/tomcat/webapps/ROOT/cat/authorEngine/skin/RichmondRDPPreschool_4a34464f7315a19a86252631a8174fa6_temp/locales/it
INFO:root:Copy static file /usr/local/tomcat/temp/cat_temp__17068062204890/4_core-41_2_4/locales/en to /usr/local/tomcat/webapps/ROOT/cat/authorEngine/skin/RichmondRDPPreschool_4a34464f7315a19a86252631a8174fa6_temp/locales/en
INFO:root:Copy static file /usr/local/tomcat/temp/cat_temp__17068062204890/4_core-41_2_4/locales/ar to /usr/local/tomcat/webapps/ROOT/cat/authorEngine/skin/RichmondRDPPreschool_4a34464f7315a19a86252631a8174fa6_temp/locales/ar
INFO:root:Copy static file /usr/local/tomcat/temp/cat_temp__17068062204890/4_core-41_2_4/locales/pt_BR to /usr/local/tomcat/webapps/ROOT/cat/authorEngine/skin/RichmondRDPPreschool_4a34464f7315a19a86252631a8174fa6_temp/locales/pt_BR
INFO:root:Copy static file /usr/local/tomcat/temp/cat_temp__17068062204890/4_core-41_2_4/fonts/icomoon.ttf to /usr/local/tomcat/webapps/ROOT/cat/authorEngine/skin/RichmondRDPPreschool_4a34464f7315a19a86252631a8174fa6_temp/fonts/icomoon.ttf
INFO:root:Copy static file /usr/local/tomcat/temp/cat_temp__17068062204890/4_core-41_2_4/fonts/icomoon.woff to /usr/local/tomcat/webapps/ROOT/cat/authorEngine/skin/RichmondRDPPreschool_4a34464f7315a19a86252631a8174fa6_temp/fonts/icomoon.woff
INFO:root:Copy static file /usr/local/tomcat/temp/cat_temp__17068062204890/4_core-41_2_4/fonts/icomoon.svg to /usr/local/tomcat/webapps/ROOT/cat/authorEngine/skin/RichmondRDPPreschool_4a34464f7315a19a86252631a8174fa6_temp/fonts/icomoon.svg
INFO:root:Copy static file /usr/local/tomcat/temp/cat_temp__17068062204890/4_core-41_2_4/fonts/icomoon.eot to /usr/local/tomcat/webapps/ROOT/cat/authorEngine/skin/RichmondRDPPreschool_4a34464f7315a19a86252631a8174fa6_temp/fonts/icomoon.eot
INFO:root:Copy static file /usr/local/tomcat/temp/cat_temp__17068062204890/4_core-41_2_4/images/cursor-highlighter.svg to /usr/local/tomcat/webapps/ROOT/cat/authorEngine/skin/RichmondRDPPreschool_4a34464f7315a19a86252631a8174fa6_temp/images/cursor-highlighter.svg
INFO:root:Copy static file /usr/local/tomcat/temp/cat_temp__17068062204890/4_core-41_2_4/images/cursor-pen.svg to /usr/local/tomcat/webapps/ROOT/cat/authorEngine/skin/RichmondRDPPreschool_4a34464f7315a19a86252631a8174fa6_temp/images/cursor-pen.svg
INFO:root:Copy static file /usr/local/tomcat/temp/cat_temp__17068062204890/4_core-41_2_4/images/cursor-eraser-hover.svg to /usr/local/tomcat/webapps/ROOT/cat/authorEngine/skin/RichmondRDPPreschool_4a34464f7315a19a86252631a8174fa6_temp/images/cursor-eraser-hover.svg
INFO:root:Copy static file /usr/local/tomcat/temp/cat_temp__17068062204890/4_core-41_2_4/images/clock.svg to /usr/local/tomcat/webapps/ROOT/cat/authorEngine/skin/RichmondRDPPreschool_4a34464f7315a19a86252631a8174fa6_temp/images/clock.svg
INFO:root:Copy static file /usr/local/tomcat/temp/cat_temp__17068062204890/4_core-41_2_4/images/cursor-highlighter-hover.svg to /usr/local/tomcat/webapps/ROOT/cat/authorEngine/skin/RichmondRDPPreschool_4a34464f7315a19a86252631a8174fa6_temp/images/cursor-highlighter-hover.svg
INFO:root:Copy static file /usr/local/tomcat/temp/cat_temp__17068062204890/4_core-41_2_4/images/cursor-pen-hover.svg to /usr/local/tomcat/webapps/ROOT/cat/authorEngine/skin/RichmondRDPPreschool_4a34464f7315a19a86252631a8174fa6_temp/images/cursor-pen-hover.svg
INFO:root:Copy static file /usr/local/tomcat/temp/cat_temp__17068062204890/4_core-41_2_4/images/cursor-eraser.svg to /usr/local/tomcat/webapps/ROOT/cat/authorEngine/skin/RichmondRDPPreschool_4a34464f7315a19a86252631a8174fa6_temp/images/cursor-eraser.svg
INFO:root:Copy static file /usr/local/tomcat/temp/cat_temp__17068062204890/4_core-41_2_4/engineBootstrap/engine_bootstrap.css to /usr/local/tomcat/webapps/ROOT/cat/authorEngine/skin/RichmondRDPPreschool_4a34464f7315a19a86252631a8174fa6_temp/engineBootstrap/engine_bootstrap.css
INFO:root:Copy static file /usr/local/tomcat/temp/cat_temp__17068062204890/4_core-41_2_4/engineBootstrap/engine_bootstrap.html to /usr/local/tomcat/webapps/ROOT/cat/authorEngine/skin/RichmondRDPPreschool_4a34464f7315a19a86252631a8174fa6_temp/engineBootstrap/engine_bootstrap.html
INFO:root:Copy static file /usr/local/tomcat/temp/cat_temp__17068062204890/4_core-41_2_4/css/ckeditor.css to /usr/local/tomcat/webapps/ROOT/cat/authorEngine/skin/RichmondRDPPreschool_4a34464f7315a19a86252631a8174fa6_temp/css/ckeditor.css
INFO:root:Copy static file /usr/local/tomcat/temp/cat_temp__17068062204890/4_core-41_2_4/changelog.txt to /usr/local/tomcat/webapps/ROOT/cat/authorEngine/skin/RichmondRDPPreschool_4a34464f7315a19a86252631a8174fa6_temp/changelog.txt
INFO:root:Copy static file /usr/local/tomcat/temp/cat_temp__17068062204890/3_richmond-rdp-5_1_2/locales/es to /usr/local/tomcat/webapps/ROOT/cat/authorEngine/skin/RichmondRDPPreschool_4a34464f7315a19a86252631a8174fa6_temp/locales/es
INFO:root:Copy static file /usr/local/tomcat/temp/cat_temp__17068062204890/3_richmond-rdp-5_1_2/locales/en to /usr/local/tomcat/webapps/ROOT/cat/authorEngine/skin/RichmondRDPPreschool_4a34464f7315a19a86252631a8174fa6_temp/locales/en
INFO:root:Copy static file /usr/local/tomcat/temp/cat_temp__17068062204890/3_richmond-rdp-5_1_2/locales/pt_BR to /usr/local/tomcat/webapps/ROOT/cat/authorEngine/skin/RichmondRDPPreschool_4a34464f7315a19a86252631a8174fa6_temp/locales/pt_BR
INFO:root:Copy static file /usr/local/tomcat/temp/cat_temp__17068062204890/3_richmond-rdp-5_1_2/fonts/icomoon.ttf to /usr/local/tomcat/webapps/ROOT/cat/authorEngine/skin/RichmondRDPPreschool_4a34464f7315a19a86252631a8174fa6_temp/fonts/icomoon.ttf
INFO:root:Copy static file /usr/local/tomcat/temp/cat_temp__17068062204890/3_richmond-rdp-5_1_2/fonts/icomoon.woff to /usr/local/tomcat/webapps/ROOT/cat/authorEngine/skin/RichmondRDPPreschool_4a34464f7315a19a86252631a8174fa6_temp/fonts/icomoon.woff
INFO:root:Copy static file /usr/local/tomcat/temp/cat_temp__17068062204890/3_richmond-rdp-5_1_2/fonts/icomoon.svg to /usr/local/tomcat/webapps/ROOT/cat/authorEngine/skin/RichmondRDPPreschool_4a34464f7315a19a86252631a8174fa6_temp/fonts/icomoon.svg
INFO:root:Copy static file /usr/local/tomcat/temp/cat_temp__17068062204890/3_richmond-rdp-5_1_2/fonts/icomoon.eot to /usr/local/tomcat/webapps/ROOT/cat/authorEngine/skin/RichmondRDPPreschool_4a34464f7315a19a86252631a8174fa6_temp/fonts/icomoon.eot
INFO:root:Copy static file /usr/local/tomcat/temp/cat_temp__17068062204890/3_richmond-rdp-5_1_2/images/emailHead.svg to /usr/local/tomcat/webapps/ROOT/cat/authorEngine/skin/RichmondRDPPreschool_4a34464f7315a19a86252631a8174fa6_temp/images/emailHead.svg
INFO:root:Copy static file /usr/local/tomcat/temp/cat_temp__17068062204890/3_richmond-rdp-5_1_2/images/cursor-highlighter.svg to /usr/local/tomcat/webapps/ROOT/cat/authorEngine/skin/RichmondRDPPreschool_4a34464f7315a19a86252631a8174fa6_temp/images/cursor-highlighter.svg
INFO:root:Copy static file /usr/local/tomcat/temp/cat_temp__17068062204890/3_richmond-rdp-5_1_2/images/cursor-pen.svg to /usr/local/tomcat/webapps/ROOT/cat/authorEngine/skin/RichmondRDPPreschool_4a34464f7315a19a86252631a8174fa6_temp/images/cursor-pen.svg
INFO:root:Copy static file /usr/local/tomcat/temp/cat_temp__17068062204890/3_richmond-rdp-5_1_2/images/papertexture.png to /usr/local/tomcat/webapps/ROOT/cat/authorEngine/skin/RichmondRDPPreschool_4a34464f7315a19a86252631a8174fa6_temp/images/papertexture.png
INFO:root:Copy static file /usr/local/tomcat/temp/cat_temp__17068062204890/3_richmond-rdp-5_1_2/images/cursor-eraser-hover.svg to /usr/local/tomcat/webapps/ROOT/cat/authorEngine/skin/RichmondRDPPreschool_4a34464f7315a19a86252631a8174fa6_temp/images/cursor-eraser-hover.svg
INFO:root:Copy static file /usr/local/tomcat/temp/cat_temp__17068062204890/3_richmond-rdp-5_1_2/images/is-catch-default.webp to /usr/local/tomcat/webapps/ROOT/cat/authorEngine/skin/RichmondRDPPreschool_4a34464f7315a19a86252631a8174fa6_temp/images/is-catch-default.webp
INFO:root:Copy static file /usr/local/tomcat/temp/cat_temp__17068062204890/3_richmond-rdp-5_1_2/images/clock.svg to /usr/local/tomcat/webapps/ROOT/cat/authorEngine/skin/RichmondRDPPreschool_4a34464f7315a19a86252631a8174fa6_temp/images/clock.svg
INFO:root:Copy static file /usr/local/tomcat/temp/cat_temp__17068062204890/3_richmond-rdp-5_1_2/images/monogram.svg to /usr/local/tomcat/webapps/ROOT/cat/authorEngine/skin/RichmondRDPPreschool_4a34464f7315a19a86252631a8174fa6_temp/images/monogram.svg
INFO:root:Copy static file /usr/local/tomcat/temp/cat_temp__17068062204890/3_richmond-rdp-5_1_2/images/monogram_alt.svg to /usr/local/tomcat/webapps/ROOT/cat/authorEngine/skin/RichmondRDPPreschool_4a34464f7315a19a86252631a8174fa6_temp/images/monogram_alt.svg
INFO:root:Copy static file /usr/local/tomcat/temp/cat_temp__17068062204890/3_richmond-rdp-5_1_2/images/cursor-highlighter-hover.svg to /usr/local/tomcat/webapps/ROOT/cat/authorEngine/skin/RichmondRDPPreschool_4a34464f7315a19a86252631a8174fa6_temp/images/cursor-highlighter-hover.svg
INFO:root:Copy static file /usr/local/tomcat/temp/cat_temp__17068062204890/3_richmond-rdp-5_1_2/images/notepad.svg to /usr/local/tomcat/webapps/ROOT/cat/authorEngine/skin/RichmondRDPPreschool_4a34464f7315a19a86252631a8174fa6_temp/images/notepad.svg
INFO:root:Copy static file /usr/local/tomcat/temp/cat_temp__17068062204890/3_richmond-rdp-5_1_2/images/cursor-pen-hover.svg to /usr/local/tomcat/webapps/ROOT/cat/authorEngine/skin/RichmondRDPPreschool_4a34464f7315a19a86252631a8174fa6_temp/images/cursor-pen-hover.svg
INFO:root:Copy static file /usr/local/tomcat/temp/cat_temp__17068062204890/3_richmond-rdp-5_1_2/images/cursor-eraser.svg to /usr/local/tomcat/webapps/ROOT/cat/authorEngine/skin/RichmondRDPPreschool_4a34464f7315a19a86252631a8174fa6_temp/images/cursor-eraser.svg
INFO:root:Copy static file /usr/local/tomcat/temp/cat_temp__17068062204890/3_richmond-rdp-5_1_2/resources/icons to /usr/local/tomcat/webapps/ROOT/cat/authorEngine/skin/RichmondRDPPreschool_4a34464f7315a19a86252631a8174fa6_temp/resources/icons
INFO:root:Copy static file /usr/local/tomcat/temp/cat_temp__17068062204890/3_richmond-rdp-5_1_2/resources/Richmond RDP.json to /usr/local/tomcat/webapps/ROOT/cat/authorEngine/skin/RichmondRDPPreschool_4a34464f7315a19a86252631a8174fa6_temp/resources/Richmond RDP.json
INFO:root:Copy static file /usr/local/tomcat/temp/cat_temp__17068062204890/3_richmond-rdp-5_1_2/cat/two-columns.html to /usr/local/tomcat/webapps/ROOT/cat/authorEngine/skin/RichmondRDPPreschool_4a34464f7315a19a86252631a8174fa6_temp/cat/two-columns.html
INFO:root:Copy static file /usr/local/tomcat/temp/cat_temp__17068062204890/3_richmond-rdp-5_1_2/changelog.txt to /usr/local/tomcat/webapps/ROOT/cat/authorEngine/skin/RichmondRDPPreschool_4a34464f7315a19a86252631a8174fa6_temp/changelog.txt
INFO:root:Copy static file /usr/local/tomcat/temp/cat_temp__17068062204890/2_richmond-rdp-preschool-5_1_2/locales/es to /usr/local/tomcat/webapps/ROOT/cat/authorEngine/skin/RichmondRDPPreschool_4a34464f7315a19a86252631a8174fa6_temp/locales/es
INFO:root:Copy static file /usr/local/tomcat/temp/cat_temp__17068062204890/2_richmond-rdp-preschool-5_1_2/locales/en to /usr/local/tomcat/webapps/ROOT/cat/authorEngine/skin/RichmondRDPPreschool_4a34464f7315a19a86252631a8174fa6_temp/locales/en
INFO:root:Copy static file /usr/local/tomcat/temp/cat_temp__17068062204890/2_richmond-rdp-preschool-5_1_2/images/os-boxdrop-row.svg to /usr/local/tomcat/webapps/ROOT/cat/authorEngine/skin/RichmondRDPPreschool_4a34464f7315a19a86252631a8174fa6_temp/images/os-boxdrop-row.svg
INFO:root:Copy static file /usr/local/tomcat/temp/cat_temp__17068062204890/2_richmond-rdp-preschool-5_1_2/images/os-boxdrop-railcar-1.svg to /usr/local/tomcat/webapps/ROOT/cat/authorEngine/skin/RichmondRDPPreschool_4a34464f7315a19a86252631a8174fa6_temp/images/os-boxdrop-railcar-1.svg
INFO:root:Copy static file /usr/local/tomcat/temp/cat_temp__17068062204890/2_richmond-rdp-preschool-5_1_2/images/submit-0.png to /usr/local/tomcat/webapps/ROOT/cat/authorEngine/skin/RichmondRDPPreschool_4a34464f7315a19a86252631a8174fa6_temp/images/submit-0.png
INFO:root:Copy static file /usr/local/tomcat/temp/cat_temp__17068062204890/2_richmond-rdp-preschool-5_1_2/images/os-boxdrop-railcar-3.svg to /usr/local/tomcat/webapps/ROOT/cat/authorEngine/skin/RichmondRDPPreschool_4a34464f7315a19a86252631a8174fa6_temp/images/os-boxdrop-railcar-3.svg
INFO:root:Copy static file /usr/local/tomcat/temp/cat_temp__17068062204890/2_richmond-rdp-preschool-5_1_2/images/submit-50.png to /usr/local/tomcat/webapps/ROOT/cat/authorEngine/skin/RichmondRDPPreschool_4a34464f7315a19a86252631a8174fa6_temp/images/submit-50.png
INFO:root:Copy static file /usr/local/tomcat/temp/cat_temp__17068062204890/2_richmond-rdp-preschool-5_1_2/images/os-boxdrop-hook.svg to /usr/local/tomcat/webapps/ROOT/cat/authorEngine/skin/RichmondRDPPreschool_4a34464f7315a19a86252631a8174fa6_temp/images/os-boxdrop-hook.svg
INFO:root:Copy static file /usr/local/tomcat/temp/cat_temp__17068062204890/2_richmond-rdp-preschool-5_1_2/images/os-boxdrop-railcar-2.svg to /usr/local/tomcat/webapps/ROOT/cat/authorEngine/skin/RichmondRDPPreschool_4a34464f7315a19a86252631a8174fa6_temp/images/os-boxdrop-railcar-2.svg
INFO:root:Copy static file /usr/local/tomcat/temp/cat_temp__17068062204890/2_richmond-rdp-preschool-5_1_2/images/submit-100.png to /usr/local/tomcat/webapps/ROOT/cat/authorEngine/skin/RichmondRDPPreschool_4a34464f7315a19a86252631a8174fa6_temp/images/submit-100.png
INFO:root:Copy static file /usr/local/tomcat/temp/cat_temp__17068062204890/2_richmond-rdp-preschool-5_1_2/images/question.png to /usr/local/tomcat/webapps/ROOT/cat/authorEngine/skin/RichmondRDPPreschool_4a34464f7315a19a86252631a8174fa6_temp/images/question.png
INFO:root:Copy static file /usr/local/tomcat/temp/cat_temp__17068062204890/2_richmond-rdp-preschool-5_1_2/images/os-boxdrop-railcar-4.svg to /usr/local/tomcat/webapps/ROOT/cat/authorEngine/skin/RichmondRDPPreschool_4a34464f7315a19a86252631a8174fa6_temp/images/os-boxdrop-railcar-4.svg
INFO:root:Copy static file /usr/local/tomcat/temp/cat_temp__17068062204890/2_richmond-rdp-preschool-5_1_2/audios/keep-practicing.mp3 to /usr/local/tomcat/webapps/ROOT/cat/authorEngine/skin/RichmondRDPPreschool_4a34464f7315a19a86252631a8174fa6_temp/audios/keep-practicing.mp3
INFO:root:Copy static file /usr/local/tomcat/temp/cat_temp__17068062204890/2_richmond-rdp-preschool-5_1_2/audios/great-job.mp3 to /usr/local/tomcat/webapps/ROOT/cat/authorEngine/skin/RichmondRDPPreschool_4a34464f7315a19a86252631a8174fa6_temp/audios/great-job.mp3
INFO:root:Copy static file /usr/local/tomcat/temp/cat_temp__17068062204890/2_richmond-rdp-preschool-5_1_2/audios/good-work.mp3 to /usr/local/tomcat/webapps/ROOT/cat/authorEngine/skin/RichmondRDPPreschool_4a34464f7315a19a86252631a8174fa6_temp/audios/good-work.mp3
INFO:root:Copy static file /usr/local/tomcat/temp/cat_temp__17068062204890/2_richmond-rdp-preschool-5_1_2/changelog.txt to /usr/local/tomcat/webapps/ROOT/cat/authorEngine/skin/RichmondRDPPreschool_4a34464f7315a19a86252631a8174fa6_temp/changelog.txt
INFO:root:Writing config.xml to /usr/local/tomcat/webapps/ROOT/cat/authorEngine/skin/RichmondRDPPreschool_4a34464f7315a19a86252631a8174fa6_temp
INFO:root:Writing locales to /usr/local/tomcat/webapps/ROOT/cat/authorEngine/skin/RichmondRDPPreschool_4a34464f7315a19a86252631a8174fa6_temp
INFO:root:Writing buildfile.less to /usr/local/tomcat/temp/cat_temp__17068062204890
 